<?xml version="1.0" encoding="UTF-8" standalone="yes"?><!DOCTYPE report PUBLIC "-//JACOCO//DTD Report 1.0//EN" "report.dtd"><report name="CasperJS runner Maven plugin"><sessioninfo id="testing-gce-f10e3816-7309-441e-8a9b-8d2262bcb9a6-b6e6462b" start="1483656672221" dump="1483656674040"/><sessioninfo id="testing-gce-f10e3816-7309-441e-8a9b-8d2262bcb9a6-57d71239" start="1483656675724" dump="1483656681990"/><sessioninfo id="testing-gce-f10e3816-7309-441e-8a9b-8d2262bcb9a6-25b8c55b" start="1483656682960" dump="1483656688734"/><sessioninfo id="testing-gce-f10e3816-7309-441e-8a9b-8d2262bcb9a6-3ae624a0" start="1483656688923" dump="1483656693710"/><sessioninfo id="testing-gce-f10e3816-7309-441e-8a9b-8d2262bcb9a6-66502496" start="1483656693875" dump="1483656700201"/><sessioninfo id="testing-gce-f10e3816-7309-441e-8a9b-8d2262bcb9a6-639795f6" start="1483656700392" dump="1483656705995"/><sessioninfo id="testing-gce-f10e3816-7309-441e-8a9b-8d2262bcb9a6-ee51a5f3" start="1483656706204" dump="1483656712152"/><sessioninfo id="testing-gce-f10e3816-7309-441e-8a9b-8d2262bcb9a6-d3cae1a" start="1483656712345" dump="1483656718179"/><sessioninfo id="testing-gce-f10e3816-7309-441e-8a9b-8d2262bcb9a6-d9b706ec" start="1483656718356" dump="1483656724795"/><sessioninfo id="testing-gce-f10e3816-7309-441e-8a9b-8d2262bcb9a6-269d5bf4" start="1483656724967" dump="1483656730905"/><sessioninfo id="testing-gce-f10e3816-7309-441e-8a9b-8d2262bcb9a6-98da3fd3" start="1483656731087" dump="1483656736850"/><sessioninfo id="testing-gce-f10e3816-7309-441e-8a9b-8d2262bcb9a6-59582ea6" start="1483656737013" dump="1483656742723"/><sessioninfo id="testing-gce-f10e3816-7309-441e-8a9b-8d2262bcb9a6-da739b0d" start="1483656742880" dump="1483656749259"/><sessioninfo id="testing-gce-f10e3816-7309-441e-8a9b-8d2262bcb9a6-962465ed" start="1483656749440" dump="1483656754990"/><sessioninfo id="testing-gce-f10e3816-7309-441e-8a9b-8d2262bcb9a6-1368af78" start="1483656755156" dump="1483656760820"/><sessioninfo id="testing-gce-f10e3816-7309-441e-8a9b-8d2262bcb9a6-45b41ab9" start="1483656760980" dump="1483656767385"/><sessioninfo id="testing-gce-f10e3816-7309-441e-8a9b-8d2262bcb9a6-eb0d747c" start="1483656767572" dump="1483656773395"/><sessioninfo id="testing-gce-f10e3816-7309-441e-8a9b-8d2262bcb9a6-f88feaf6" start="1483656773596" dump="1483656779380"/><sessioninfo id="testing-gce-f10e3816-7309-441e-8a9b-8d2262bcb9a6-55e7a59d" start="1483656779535" dump="1483656785186"/><sessioninfo id="testing-gce-f10e3816-7309-441e-8a9b-8d2262bcb9a6-189436da" start="1483656785338" dump="1483656790891"/><sessioninfo id="testing-gce-f10e3816-7309-441e-8a9b-8d2262bcb9a6-791fcc3d" start="1483656791079" dump="1483656797006"/><sessioninfo id="testing-gce-f10e3816-7309-441e-8a9b-8d2262bcb9a6-96a85b81" start="1483656797171" dump="1483656803202"/><sessioninfo id="testing-gce-f10e3816-7309-441e-8a9b-8d2262bcb9a6-f6d7fd06" start="1483656803374" dump="1483656810382"/><sessioninfo id="testing-gce-f10e3816-7309-441e-8a9b-8d2262bcb9a6-270f8f49" start="1483656810553" dump="1483656817002"/><sessioninfo id="testing-gce-f10e3816-7309-441e-8a9b-8d2262bcb9a6-dbb4184d" start="1483656817185" dump="1483656823025"/></report>