<?xml version="1.0" encoding="UTF-8" standalone="yes"?><!DOCTYPE report PUBLIC "-//JACOCO//DTD Report 1.0//EN" "report.dtd"><report name="CasperJS runner Maven plugin"><sessioninfo id="travis-job-0ab0f4e0-f1bc-4ba3-af90-13076aafc60a-496ecf75" start="1520180754462" dump="1520180756586"/><sessioninfo id="travis-job-0ab0f4e0-f1bc-4ba3-af90-13076aafc60a-89370c6b" start="1520180758125" dump="1520180763912"/><sessioninfo id="travis-job-0ab0f4e0-f1bc-4ba3-af90-13076aafc60a-cb43a41a" start="1520180764694" dump="1520180771194"/><sessioninfo id="travis-job-0ab0f4e0-f1bc-4ba3-af90-13076aafc60a-bc41dc13" start="1520180771374" dump="1520180776838"/><sessioninfo id="travis-job-0ab0f4e0-f1bc-4ba3-af90-13076aafc60a-67403e8" start="1520180776986" dump="1520180782819"/><sessioninfo id="travis-job-0ab0f4e0-f1bc-4ba3-af90-13076aafc60a-a1da435d" start="1520180782982" dump="1520180789587"/><sessioninfo id="travis-job-0ab0f4e0-f1bc-4ba3-af90-13076aafc60a-3c9849f7" start="1520180789797" dump="1520180795503"/><sessioninfo id="travis-job-0ab0f4e0-f1bc-4ba3-af90-13076aafc60a-d3aebe93" start="1520180795702" dump="1520180802491"/><sessioninfo id="travis-job-0ab0f4e0-f1bc-4ba3-af90-13076aafc60a-f100541f" start="1520180802690" dump="1520180809304"/><sessioninfo id="travis-job-0ab0f4e0-f1bc-4ba3-af90-13076aafc60a-51d0a816" start="1520180809493" dump="1520180815597"/><sessioninfo id="travis-job-0ab0f4e0-f1bc-4ba3-af90-13076aafc60a-10ee77e4" start="1520180815845" dump="1520180822443"/><sessioninfo id="travis-job-0ab0f4e0-f1bc-4ba3-af90-13076aafc60a-798acc1a" start="1520180822648" dump="1520180829163"/><sessioninfo id="travis-job-0ab0f4e0-f1bc-4ba3-af90-13076aafc60a-38f7a9fb" start="1520180829334" dump="1520180834990"/><sessioninfo id="travis-job-0ab0f4e0-f1bc-4ba3-af90-13076aafc60a-fbeb79f8" start="1520180835196" dump="1520180841427"/><sessioninfo id="travis-job-0ab0f4e0-f1bc-4ba3-af90-13076aafc60a-8a637ae6" start="1520180841602" dump="1520180847385"/><sessioninfo id="travis-job-0ab0f4e0-f1bc-4ba3-af90-13076aafc60a-c495a178" start="1520180847563" dump="1520180853138"/><sessioninfo id="travis-job-0ab0f4e0-f1bc-4ba3-af90-13076aafc60a-c44c4f72" start="1520180853356" dump="1520180859375"/><sessioninfo id="travis-job-0ab0f4e0-f1bc-4ba3-af90-13076aafc60a-d534ba2e" start="1520180859546" dump="1520180865920"/><sessioninfo id="travis-job-0ab0f4e0-f1bc-4ba3-af90-13076aafc60a-744e9981" start="1520180866106" dump="1520180872296"/><sessioninfo id="travis-job-0ab0f4e0-f1bc-4ba3-af90-13076aafc60a-c8d601ea" start="1520180872476" dump="1520180878222"/><sessioninfo id="travis-job-0ab0f4e0-f1bc-4ba3-af90-13076aafc60a-e53a7b1c" start="1520180878413" dump="1520180884463"/><sessioninfo id="travis-job-0ab0f4e0-f1bc-4ba3-af90-13076aafc60a-1da6e4fa" start="1520180884723" dump="1520180890704"/><sessioninfo id="travis-job-0ab0f4e0-f1bc-4ba3-af90-13076aafc60a-e3ad1319" start="1520180890879" dump="1520180897724"/><sessioninfo id="travis-job-0ab0f4e0-f1bc-4ba3-af90-13076aafc60a-3e344e5e" start="1520180897879" dump="1520180904360"/><sessioninfo id="travis-job-0ab0f4e0-f1bc-4ba3-af90-13076aafc60a-ebbb6deb" start="1520180904515" dump="1520180910835"/></report>