GROUP,PACKAGE,CLASS,INSTRUCTION_MISSED,INSTRUCTION_COVERED,BRANCH_MISSED,BRANCH_COVERED,LINE_MISSED,LINE_COVERED,COMPLEXITY_MISSED,COMPLEXITY_COVERED,METHOD_MISSED,METHOD_COVERED
CasperJS runner Maven plugin,com.github.casperjs.casperjsrunner.cmd,Parameters,0,86,0,0,0,24,0,18,0,18
CasperJS runner Maven plugin,com.github.casperjs.casperjsrunner.cmd,TestOptions,0,45,0,0,0,16,0,8,0,8
CasperJS runner Maven plugin,com.github.casperjs.casperjsrunner.cmd,CommandLineComputer,0,111,0,2,0,12,0,6,0,5
CasperJS runner Maven plugin,com.github.casperjs.casperjsrunner.cmd,PostCommandLineAppender,0,60,0,4,0,7,0,4,0,2
CasperJS runner Maven plugin,com.github.casperjs.casperjsrunner.cmd,ScriptOptions,0,21,0,0,0,8,0,4,0,4
CasperJS runner Maven plugin,com.github.casperjs.casperjsrunner.cmd,ScriptCommandLineAppender,4,14,1,1,1,4,1,2,0,2
CasperJS runner Maven plugin,com.github.casperjs.casperjsrunner.cmd,FailFastCommandLineAppender,4,7,1,1,1,3,1,2,0,2
CasperJS runner Maven plugin,com.github.casperjs.casperjsrunner.cmd,ArgumentsCommandLineAppender,0,29,1,5,0,6,1,4,0,2
CasperJS runner Maven plugin,com.github.casperjs.casperjsrunner.cmd,NativeOptions,0,21,0,0,0,8,0,4,0,4
CasperJS runner Maven plugin,com.github.casperjs.casperjsrunner.cmd,CasperJsRuntime,0,15,0,0,0,6,0,3,0,3
CasperJS runner Maven plugin,com.github.casperjs.casperjsrunner.cmd,IncludesCommandLineAppender,0,87,3,9,0,15,3,5,0,2
CasperJS runner Maven plugin,com.github.casperjs.casperjsrunner.cmd,Reports,0,15,0,0,0,6,0,3,0,3
CasperJS runner Maven plugin,com.github.casperjs.casperjsrunner.cmd,CommandExecutor,21,84,4,2,6,11,4,2,1,2
CasperJS runner Maven plugin,com.github.casperjs.casperjsrunner.cmd,LogLevelCommandLineAppender,0,20,0,2,0,4,0,3,0,2
CasperJS runner Maven plugin,com.github.casperjs.casperjsrunner.cmd,VerboseCommandLineAppender,0,30,2,6,0,7,2,4,0,2
CasperJS runner Maven plugin,com.github.casperjs.casperjsrunner.cmd,ArgQuoter,65,4,17,1,15,2,11,1,2,1
CasperJS runner Maven plugin,com.github.casperjs.casperjsrunner.cmd,XUnitCommandLineAppender,0,33,0,2,0,4,0,3,0,2
CasperJS runner Maven plugin,com.github.casperjs.casperjsrunner.cmd,ParametersFactory,3,9,0,0,2,1,1,1,1,1
CasperJS runner Maven plugin,com.github.casperjs.casperjsrunner.cmd,EngineCommandLineApender,12,8,1,1,1,3,1,2,0,2
CasperJS runner Maven plugin,com.github.casperjs.casperjsrunner.cmd,PreCommandLineAppender,0,60,0,4,0,7,0,4,0,2
CasperJS runner Maven plugin,com.github.casperjs.casperjsrunner.cmd,TestModeCommandLineAppender,0,8,0,0,0,3,0,2,0,2
CasperJS runner Maven plugin,com.github.casperjs.casperjsrunner.cmd,MissingScriptFileException,4,0,0,0,2,0,1,0,1,0
CasperJS runner Maven plugin,com.github.casperjs.casperjsrunner.cmd,CloneOutputStream,47,40,6,4,12,11,6,5,3,3
CasperJS runner Maven plugin,com.github.casperjs.casperjsrunner.toolchain,CasperjsToolchain,2,38,2,2,1,8,2,3,0,3
CasperJS runner Maven plugin,com.github.casperjs.casperjsrunner.toolchain,CasperjsToolchainFactory,69,135,8,10,14,30,7,9,0,7
CasperJS runner Maven plugin,com.github.casperjs.casperjsrunner.toolchain,IncompatibleToolchainAPIException,5,0,0,0,2,0,1,0,1,0
CasperJS runner Maven plugin,com.github.casperjs.casperjsrunner,Result,18,63,0,0,4,11,2,5,2,5
CasperJS runner Maven plugin,com.github.casperjs.casperjsrunner,CasperJSRunnerTestMojo,15,13,1,3,1,4,1,3,0,2
CasperJS runner Maven plugin,com.github.casperjs.casperjsrunner,DefaultScriptsFinder,50,232,7,15,5,36,7,6,0,2
CasperJS runner Maven plugin,com.github.casperjs.casperjsrunner,LogUtils,3,9,0,0,2,3,1,2,1,2
CasperJS runner Maven plugin,com.github.casperjs.casperjsrunner,CasperJSRunnerIntegrationTestMojo,32,60,3,1,5,21,2,6,0,6
CasperJS runner Maven plugin,com.github.casperjs.casperjsrunner,AbstractCasperJSRunnerMojo,27,334,15,23,4,63,13,17,1,10
CasperJS runner Maven plugin,com.github.casperjs.casperjsrunner,IncludesFinder,5,58,2,2,1,14,2,2,0,2
CasperJS runner Maven plugin,com.github.casperjs.casperjsrunner,HelpMojo,909,0,112,0,159,0,72,0,16,0
CasperJS runner Maven plugin,com.github.casperjs.casperjsrunner,PatternsChecker,17,104,7,15,6,22,6,10,1,4
CasperJS runner Maven plugin,com.github.casperjs.casperjsrunner,OrdererScriptsFinderDecorator,0,22,0,0,0,6,0,2,0,2
CasperJS runner Maven plugin,com.github.casperjs.casperjsrunner,CasperJsVersionRetriever,20,44,2,0,6,9,2,2,1,2
CasperJS runner Maven plugin,com.github.casperjs.casperjsrunner,CasperJsRuntimeFinder,50,76,7,9,11,20,6,5,2,1
CasperJS runner Maven plugin,com.github.casperjs.casperjsrunner,CasperJSVerifyMojo,31,57,2,2,5,14,2,4,0,4
CasperJS runner Maven plugin,com.github.casperjs.casperjsrunner,PathToNameBuilder,17,45,2,2,3,10,3,1,1,1
CasperJS runner Maven plugin,com.github.casperjs.casperjsrunner,OrdererScriptsFinderDecorator.new Comparator() {...},0,30,0,8,0,6,0,6,0,2
CasperJS runner Maven plugin,com.github.casperjs.casperjsrunner,Logger,6,27,1,1,2,11,2,4,1,4
CasperJS runner Maven plugin,com.github.casperjs.casperjsrunner,IOUtils,18,6,1,1,4,4,2,1,1,1
CasperJS runner Maven plugin,com.github.casperjs.casperjsrunner,OSUtils,5,8,1,1,2,1,2,1,1,1
