GROUP,PACKAGE,CLASS,INSTRUCTION_MISSED,INSTRUCTION_COVERED,BRANCH_MISSED,BRANCH_COVERED,LINE_MISSED,LINE_COVERED,COMPLEXITY_MISSED,COMPLEXITY_COVERED,METHOD_MISSED,METHOD_COVERED
CasperJS runner Maven plugin,com.github.casperjs.casperjsrunner.toolchain,DefaultCasperjsToolchainFactory,206,0,18,0,43,0,15,0,6,0
CasperJS runner Maven plugin,com.github.casperjs.casperjsrunner.toolchain,DefaultCasperjsToolchain,44,0,4,0,11,0,7,0,5,0
CasperJS runner Maven plugin,com.github.casperjs.casperjsrunner,Result,81,0,0,0,15,0,7,0,7,0
CasperJS runner Maven plugin,com.github.casperjs.casperjsrunner,CasperJsRuntimeFinder,120,0,16,0,28,0,10,0,2,0
CasperJS runner Maven plugin,com.github.casperjs.casperjsrunner,CasperJSVerifyMojo,88,0,4,0,19,0,6,0,4,0
CasperJS runner Maven plugin,com.github.casperjs.casperjsrunner,CasperJSRunnerTestMojo,28,0,4,0,5,0,4,0,2,0
CasperJS runner Maven plugin,com.github.casperjs.casperjsrunner,PathToNameBuilder,3,59,1,3,2,11,2,2,1,1
CasperJS runner Maven plugin,com.github.casperjs.casperjsrunner,DefaultScriptsFinder,14,268,2,20,1,40,2,11,0,2
CasperJS runner Maven plugin,com.github.casperjs.casperjsrunner,LogUtils,3,9,0,0,2,3,1,2,1,2
CasperJS runner Maven plugin,com.github.casperjs.casperjsrunner,Logger,10,23,1,1,3,10,2,4,1,4
CasperJS runner Maven plugin,com.github.casperjs.casperjsrunner,OrdererScriptsFinderDecorator.new Comparator() {...},2,28,1,7,1,5,1,5,0,2
CasperJS runner Maven plugin,com.github.casperjs.casperjsrunner,IOUtils,3,21,0,2,2,6,1,2,1,1
CasperJS runner Maven plugin,com.github.casperjs.casperjsrunner,CasperJSRunnerIntegrationTestMojo,92,0,4,0,26,0,8,0,6,0
CasperJS runner Maven plugin,com.github.casperjs.casperjsrunner,AbstractCasperJSRunnerMojo,628,0,78,0,101,0,46,0,7,0
CasperJS runner Maven plugin,com.github.casperjs.casperjsrunner,IncludesFinder,0,59,0,4,0,13,0,4,0,2
CasperJS runner Maven plugin,com.github.casperjs.casperjsrunner,OSUtils,3,10,0,2,2,1,1,2,1,1
CasperJS runner Maven plugin,com.github.casperjs.casperjsrunner,CommandExecutor,89,0,6,0,17,0,5,0,2,0
CasperJS runner Maven plugin,com.github.casperjs.casperjsrunner,HelpMojo,909,0,112,0,159,0,72,0,16,0
CasperJS runner Maven plugin,com.github.casperjs.casperjsrunner,PatternsChecker,3,104,0,22,2,22,1,13,1,2
CasperJS runner Maven plugin,com.github.casperjs.casperjsrunner,OrdererScriptsFinderDecorator,0,22,0,0,0,6,0,2,0,2
CasperJS runner Maven plugin,com.github.casperjs.casperjsrunner,CasperJsVersionRetriever,67,0,6,0,17,0,5,0,2,0
CasperJS runner Maven plugin,com.github.casperjs.casperjsrunner,CloneOutputStream,0,87,0,10,0,23,0,11,0,6
CasperJS runner Maven plugin,com.github.casperjs.casperjsrunner,ArgQuoter,5,64,4,14,3,14,5,7,1,2
